{"timestamp":1640253497,"timestamp_format":"2021-12-23 17:58:17","millisecond":1640253497595,"millisecond_format":"2021-12-23 17:58:17.595","level":6,"level_string":"Info","body":"this is a info log!","file":"EsSync.go","line":59,"function":"main.main"}
{"timestamp":1640253582,"timestamp_format":"2021-12-23 17:59:42","millisecond":1640253582717,"millisecond_format":"2021-12-23 17:59:42.717","level":6,"level_string":"Info","body":"this is a info log!","file":"EsSync.go","line":60,"function":"main.main"}
{"timestamp":1640253587,"timestamp_format":"2021-12-23 17:59:47","millisecond":1640253587725,"millisecond_format":"2021-12-23 17:59:47.725","level":6,"level_string":"Info","body":"[0 \u003cnil\u003e]","file":"EsSync.go","line":127,"function":"main.getData"}
{"timestamp":1640253885,"timestamp_format":"2021-12-23 18:04:45","millisecond":1640253885203,"millisecond_format":"2021-12-23 18:04:45.203","level":6,"level_string":"Info","body":"this is a info log!","file":"EsSync.go","line":60,"function":"main.main"}
{"timestamp":1640253890,"timestamp_format":"2021-12-23 18:04:50","millisecond":1640253890211,"millisecond_format":"2021-12-23 18:04:50.211","level":6,"level_string":"Info","body":"[0 \u003cnil\u003e]","file":"EsSync.go","line":126,"function":"main.getData"}
{"timestamp":1640253946,"timestamp_format":"2021-12-23 18:05:46","millisecond":1640253946910,"millisecond_format":"2021-12-23 18:05:46.91","level":6,"level_string":"Info","body":"Shutdown Server ...","file":"EsSync.go","line":69,"function":"main.main"}
{"timestamp":1640253953,"timestamp_format":"2021-12-23 18:05:53","millisecond":1640253953881,"millisecond_format":"2021-12-23 18:05:53.881","level":6,"level_string":"Info","body":"this is a info log!","file":"EsSync.go","line":60,"function":"main.main"}
{"timestamp":1640253958,"timestamp_format":"2021-12-23 18:05:58","millisecond":1640253958899,"millisecond_format":"2021-12-23 18:05:58.899","level":6,"level_string":"Info","body":"[0 \u003cnil\u003e]","file":"EsSync.go","line":126,"function":"main.getData"}
{"timestamp":1640254111,"timestamp_format":"2021-12-23 18:08:31","millisecond":1640254111177,"millisecond_format":"2021-12-23 18:08:31.177","level":6,"level_string":"Info","body":"Shutdown Server ...","file":"EsSync.go","line":69,"function":"main.main"}
2021-12-23 18:08:36.598 [Info] this is a info log!
2021-12-23 18:08:41.608 [Info] [0 <nil>]
2021-12-23 18:09:46.387 [Info] Shutdown Server ...
2021-12-23 18:10:12.283 [Info] this is a info log!
2021-12-23 18:10:17.29 [Info] [0 <nil>]
2021-12-23 18:12:01.111 [Info] Shutdown Server ...
2021-12-23 18:16:49.335 [Info] this is a info log!
2021-12-23 18:20:32.77 [Info] this is a info log!
2021-12-23 18:21:21.573 [Info] Shutdown Server ...
2021-12-23 18:30:25.949 [Info] Shutdown Server ...
2021-12-23 18:30:58.817 [Info] Shutdown Server ...
2021-12-23 19:18:57.962 [Info] Shutdown Server ...
2021-12-23 19:19:38.996 [Info] Shutdown Server ...
2021-12-23 19:26:01.491 [Info] Shutdown Server ...
2021-12-23 19:36:38.657 [Info] Shutdown Server ...
2021-12-23 19:38:07.778 [Info] Shutdown Server ...
2021-12-23 19:39:22.88 [Info] Shutdown Server ...
2021-12-23 19:40:04.077 [Info] Shutdown Server ...
2021-12-23 19:48:43.705 [Info] Shutdown Server ...
2021-12-23 19:50:52.497 [Info] Shutdown Server ...
2021-12-23 19:51:22.881 [Info] Shutdown Server ...
2021-12-23 19:51:35.728 [Info] Shutdown Server ...
2021-12-23 20:02:34.149 [Info] Shutdown Server ...
2021-12-23 20:02:38.954 [Info] hahahaha
2021-12-23 20:06:44.414 [Info] Shutdown Server ...
2021-12-23 20:07:32.979 [Info] Shutdown Server ...
2021-12-23 20:39:43.978 [Info] Shutdown Server ...
2021-12-23 20:40:46.816 [Info] Shutdown Server ...
2021-12-23 20:41:16.342 [Info] Shutdown Server ...
2021-12-23 21:12:32.269 [Info] Shutdown Server ...
2021-12-23 21:15:20.311 [Info] Shutdown Server ...
2021-12-23 21:17:26.454 [Info] Shutdown Server ...
2021-12-23 21:33:43.647 [Info] Shutdown Server ...
2021-12-24 09:32:04.598 [Info] Server Begin ...
2021-12-24 09:32:27.943 [Info] Server Shutdown ...
2021-12-24 09:41:30.91 [Info] Server Begin ...
2021-12-24 09:42:03.645 [Info] Server Shutdown ...
2021-12-24 11:50:01.676 [Info] Server Begin ...
2021-12-24 11:50:03.425 [Info] Server Shutdown ...
2021-12-28 17:06:25.414 [Info] Server Start ...
2021-12-28 17:08:29.056 [Info] Server Shutdown ...
2021-12-28 17:08:49.927 [Info] Server Start ...
2021-12-28 17:09:46.438 [Info] Server Shutdown ...
2021-12-28 20:24:43.809 [Info] Server Start ...
2021-12-28 20:25:57.758 [Info] Server Shutdown ...
2021-12-28 20:26:02.899 [Info] Server Start ...
2021-12-28 20:26:48.672 [Info] Server Shutdown ...
2021-12-29 11:48:51.869 [Info] Server Start ...
2021-12-29 11:49:33.325 [Info] Server Shutdown ...
